2017-02-22 16:46:31,255 - INFO :  Success
2017-02-22 16:46:49,608 - INFO :  Success
2017-02-22 16:48:40,600 - INFO :  Success
2017-02-22 16:59:18,185 - INFO :  Success
2017-02-22 17:00:33,130 - INFO :  Success
2017-02-22 17:15:26,167 - INFO :  Success
2017-02-22 17:21:19,232 - INFO :  Success
2017-02-22 17:21:36,167 - INFO :  Success
2017-02-22 17:22:14,883 - INFO :  Success
2017-02-22 17:23:26,695 - INFO :  Success
2017-02-22 17:25:25,225 - INFO :  Success
2017-02-22 17:26:34,005 - INFO :  Success
2017-02-22 17:27:49,184 - INFO :  Success
2017-02-22 17:28:12,100 - INFO :  Success
2017-02-22 17:30:12,329 - INFO :  Success
2017-02-22 18:15:55,749 - INFO :  Success
2017-02-22 18:31:36,084 - INFO :  Success
2017-02-22 18:34:18,907 - INFO :  Success
2017-02-22 18:34:38,233 - INFO :  Success
2017-02-22 18:35:09,759 - INFO :  Success
2017-02-22 18:35:50,366 - INFO :  Success
2017-02-22 18:36:12,484 - INFO :  Success
2017-02-22 18:36:50,691 - INFO :  Success
2017-02-22 18:47:16,581 - INFO :  Success
2017-02-22 18:47:52,762 - INFO :  Success
2017-02-23 10:04:03,305 - INFO :  Success
2017-02-23 10:06:12,728 - INFO :  Success
2017-02-23 11:16:47,889 - INFO :  [c1.com]更新完成
2017-02-23 11:16:47,950 - INFO :  [c1.com]更新完成
2017-02-23 11:27:38,364 - INFO :  [c1.com]更新完成
2017-02-23 11:28:37,519 - INFO :  [c1.com]更新完成
2017-02-23 11:28:59,817 - INFO :  [c2.com]更新完成
2017-04-14 12:19:57,256 - INFO :  asdfasdfasdfasdf
2017-04-17 12:23:29,939 - INFO :  
2017-04-17 12:23:40,633 - INFO :  
2017-04-17 12:28:39,364 - INFO :  [c1.com]更新完成
2017-04-17 12:31:44,955 - INFO :  [c1.com]更新完成
2017-04-17 12:32:58,157 - INFO :  [c1.com]更新完成
2018-05-30 21:12:07,589 - INFO :  [c1.com]更新完成
2018-05-30 21:19:19,387 - INFO :  [c1.com]更新完成
2018-05-30 21:24:21,995 - INFO :  [c1.com]更新完成
2018-05-30 21:24:35,789 - INFO :  [c1.com]更新完成
2018-05-31 00:10:26,541 - INFO :  [c1.com]更新完成
2018-05-31 10:34:14,353 - INFO :  [c1.com]更新完成
2018-05-31 10:34:25,783 - INFO :  [c1.com]更新完成
2018-05-31 10:34:36,124 - INFO :  [c1.com]更新完成
2018-05-31 10:35:39,486 - INFO :  [c1.com]更新完成
2018-05-31 10:36:18,665 - INFO :  [c1.com]更新完成
2018-05-31 11:00:27,358 - INFO :  [c1.com]更新完成
2018-05-31 11:00:47,217 - INFO :  [c1.com]更新完成
2018-05-31 11:00:54,435 - INFO :  [c1.com]更新完成
2018-05-31 11:29:40,257 - INFO :  [c1.com]更新完成
2018-05-31 11:30:04,602 - INFO :  [c1.com]更新完成
2018-05-31 11:30:27,568 - INFO :  [c1.com]更新完成
2018-05-31 11:30:38,008 - INFO :  [c1.com]更新完成
2018-05-31 11:33:54,850 - INFO :  [c1.com]更新完成
2018-05-31 11:33:59,754 - INFO :  [c1.com]更新完成
2018-05-31 11:34:41,037 - INFO :  [c1.com]更新完成
2018-05-31 11:35:05,422 - INFO :  [c1.com]更新完成
2018-05-31 11:36:27,732 - INFO :  [c1.com]更新完成
2018-05-31 11:36:42,733 - INFO :  [c1.com]更新完成
2018-05-31 11:38:05,303 - INFO :  [c1.com]更新完成
